Sat Apr  8 13:22:37 2017
 Commitment Maisie<->Alfie
Sat Apr  8 13:22:37 2017
 Commitment Olivia<->Lewis
Sat Apr  8 13:22:37 2017
 Commitment Jessica<->Alphonse
Sat Apr  8 13:22:37 2017
 Commitment Eve<->Ivor
Sat Apr  8 13:22:37 2017
 Commitment Abigail<->Harvey
Sat Apr  8 13:22:37 2017
 Commitment Molly<->Alfred
Sat Apr  8 13:22:37 2017
 Commitment Phoebe<->Oliver
Sat Apr  8 13:22:37 2017
 Commitment Scarlett<->Alastair
Sat Apr  8 13:22:37 2017
 Commitment Delilah<->Jacob
Sat Apr  8 13:22:37 2017
 Commitment Charlotte<->Balthazar
Sat Apr  8 13:22:37 2017
 Commitment Sharon<->Callum
Sat Apr  8 13:22:37 2017
 Commitment Emily<->John
Sat Apr  8 13:22:37 2017
 Commitment Chloe<->Jasper
Sat Apr  8 13:22:37 2017
 Commitment Mia<->Jack
