Sat Apr  8 14:04:39 2017
 Gifting Conall->Emily Essential pbxr 100.000000
Sat Apr  8 14:04:39 2017
 Gifting Conall->Emily Utility voql 505.000000
Sat Apr  8 14:04:39 2017
 Gifting Conall->Emily Essential zneo 101.000000
Sat Apr  8 14:04:39 2017
 Gifting Conall->Emily Utility ifqp 507.000000
Sat Apr  8 14:04:39 2017
 Gifting Conall->Emily Essential rbmk 101.000000
Sat Apr  8 14:04:39 2017
 Gifting Conall->Emily Utility xomt 508.000000
Sat Apr  8 14:04:39 2017
 Gifting Conall->Emily Essential hngf 101.000000
Sat Apr  8 14:04:39 2017
 Gifting Conall->Emily Utility hlzl 511.000000
Sat Apr  8 14:04:39 2017
 Gifting Conall->Emily Essential ypfe 102.000000
Sat Apr  8 14:04:39 2017
 Gifting Conall->Emily Essential ihjo 104.000000
Sat Apr  8 14:04:39 2017
 Gifting Conall->Emily Essential csfc 106.000000
Sat Apr  8 14:04:39 2017
 Gifting Conall->Emily Essential wsqw 106.000000
Sat Apr  8 14:04:39 2017
 Gifting Conall->Emily Essential wrre 108.000000
Sat Apr  8 14:04:39 2017
 Gifting Conall->Emily Luxury novt 1523.000000
