Thu Apr  6 19:03:37 2017
 Commitment Molly<->Alfred
Thu Apr  6 19:03:37 2017
 Commitment Phoebe<->Oliver
Thu Apr  6 19:03:37 2017
 Commitment Scarlett<->Alastair
Thu Apr  6 19:03:37 2017
 Commitment Delilah<->Jacob
Thu Apr  6 19:03:37 2017
 Commitment Charlotte<->Balthazar
Thu Apr  6 19:03:37 2017
 Commitment Sharon<->Callum
Thu Apr  6 19:03:37 2017
 Commitment Emily<->John
Thu Apr  6 19:03:37 2017
 Commitment Chloe<->Jasper
Thu Apr  6 19:03:37 2017
 Commitment Mia<->Jack
Thu Apr  6 19:03:37 2017
 Commitment Maisie<->Alfie
Thu Apr  6 19:03:37 2017
 Commitment Olivia<->Lewis
Thu Apr  6 19:03:37 2017
 Commitment Jessica<->Alphonse
Thu Apr  6 19:03:37 2017
 Commitment Eve<->Ivor
Thu Apr  6 19:03:37 2017
 Commitment Abigail<->Harvey
