Wed Apr 19 00:27:11 2017
 Commitment Maisie<->Alfie
Wed Apr 19 00:27:11 2017
 Commitment Olivia<->Lewis
Wed Apr 19 00:27:11 2017
 Commitment Jessica<->Alphonse
Wed Apr 19 00:27:11 2017
 Commitment Eve<->Ivor
Wed Apr 19 00:27:11 2017
 Commitment Abigail<->Harvey
Wed Apr 19 00:27:11 2017
 Commitment Molly<->Alfred
Wed Apr 19 00:27:11 2017
 Commitment Phoebe<->Oliver
Wed Apr 19 00:27:11 2017
 Commitment Scarlett<->Alastair
Wed Apr 19 00:27:11 2017
 Commitment Delilah<->Jacob
Wed Apr 19 00:27:11 2017
 Commitment Charlotte<->Balthazar
Wed Apr 19 00:27:11 2017
 Commitment Sharon<->Callum
Wed Apr 19 00:27:11 2017
 Commitment Emily<->John
Wed Apr 19 00:27:11 2017
 Commitment Chloe<->Jasper
Wed Apr 19 00:27:11 2017
 Commitment Mia<->Jack
