Mon Apr 10 01:00:34 2017
 Commitment Maisie<->Alfie
Mon Apr 10 01:00:34 2017
 Commitment Olivia<->Lewis
Mon Apr 10 01:00:34 2017
 Commitment Jessica<->Alphonse
Mon Apr 10 01:00:34 2017
 Commitment Eve<->Ivor
Mon Apr 10 01:00:34 2017
 Commitment Abigail<->Harvey
Mon Apr 10 01:00:34 2017
 Commitment Molly<->Alfred
Mon Apr 10 01:00:34 2017
 Commitment Phoebe<->Oliver
Mon Apr 10 01:00:34 2017
 Commitment Scarlett<->Alastair
Mon Apr 10 01:00:34 2017
 Commitment Delilah<->Jacob
Mon Apr 10 01:00:34 2017
 Commitment Charlotte<->Balthazar
Mon Apr 10 01:00:34 2017
 Commitment Sharon<->Callum
Mon Apr 10 01:00:34 2017
 Commitment Emily<->John
Mon Apr 10 01:00:34 2017
 Commitment Chloe<->Jasper
Mon Apr 10 01:00:34 2017
 Commitment Mia<->Jack
