Tue Mar 28 23:17:27 2017
 Commitment Maisie<->Alfie
Tue Mar 28 23:17:27 2017
 Commitment Olivia<->Lewis
Tue Mar 28 23:17:27 2017
 Commitment Jessica<->Alphonse
Tue Mar 28 23:17:27 2017
 Commitment Eve<->Ivor
Tue Mar 28 23:17:27 2017
 Commitment Abigail<->Harvey
Tue Mar 28 23:17:27 2017
 Commitment Molly<->Alfred
Tue Mar 28 23:17:27 2017
 Commitment Phoebe<->Oliver
Tue Mar 28 23:17:27 2017
 Commitment Scarlett<->Alastair
Tue Mar 28 23:17:27 2017
 Commitment Delilah<->Jacob
Tue Mar 28 23:17:27 2017
 Commitment Charlotte<->Balthazar
Tue Mar 28 23:17:27 2017
 Commitment Sharon<->Callum
Tue Mar 28 23:17:27 2017
 Commitment Emily<->John
Tue Mar 28 23:17:27 2017
 Commitment Chloe<->Jasper
Tue Mar 28 23:17:27 2017
 Commitment Mia<->Jack
