Tue Mar 28 23:04:00 2017
 Gifting Alfie->Maisie Luxury wohp 1990.000000
Tue Mar 28 23:04:00 2017
 Gifting Alfie->Maisie Luxury cvwx 1984.000000
Tue Mar 28 23:04:00 2017
 Gifting Alfie->Maisie Luxury qraq 1943.000000
Tue Mar 28 23:04:00 2017
 Gifting Alfie->Maisie Luxury ykmb 1075.000000
Tue Mar 28 23:04:00 2017
 Gifting Lewis->Olivia Luxury wohp 1990.000000
Tue Mar 28 23:04:00 2017
 Gifting Lewis->Olivia Luxury cvwx 1984.000000
Tue Mar 28 23:04:00 2017
 Gifting Lewis->Olivia Luxury qraq 1943.000000
Tue Mar 28 23:04:00 2017
 Gifting Alphonse->Jessica Luxury wohp 1990.000000
Tue Mar 28 23:04:00 2017
 Gifting Alphonse->Jessica Luxury cvwx 1984.000000
Tue Mar 28 23:04:00 2017
 Gifting Alphonse->Jessica Luxury qraq 1943.000000
Tue Mar 28 23:04:00 2017
 Gifting Alphonse->Jessica Luxury gdin 1939.000000
Tue Mar 28 23:04:00 2017
 Gifting Ivor->Eve Luxury wohp 1990.000000
Tue Mar 28 23:04:00 2017
 Gifting Ivor->Eve Luxury cvwx 1984.000000
Tue Mar 28 23:04:00 2017
 Gifting Ivor->Eve Luxury qraq 1943.000000
Tue Mar 28 23:04:00 2017
 Gifting Harvey->Abigail Luxury wohp 1990.000000
Tue Mar 28 23:04:00 2017
 Gifting Harvey->Abigail Luxury cvwx 1984.000000
Tue Mar 28 23:04:00 2017
 Gifting Harvey->Abigail Luxury wptn 1025.000000
Tue Mar 28 23:04:00 2017
 Gifting Alfred->Molly Essential pbxr 100.000000
Tue Mar 28 23:04:00 2017
 Gifting Alfred->Molly Essential zneo 101.000000
Tue Mar 28 23:04:00 2017
 Gifting Alfred->Molly Essential rbmk 101.000000
Tue Mar 28 23:04:00 2017
 Gifting Alfred->Molly Essential hngf 101.000000
Tue Mar 28 23:04:00 2017
 Gifting Oliver->Phoebe Essential pbxr 100.000000
Tue Mar 28 23:04:00 2017
 Gifting Oliver->Phoebe Essential zneo 101.000000
Tue Mar 28 23:04:00 2017
 Gifting Oliver->Phoebe Essential rbmk 101.000000
Tue Mar 28 23:04:00 2017
 Gifting Oliver->Phoebe Essential hngf 101.000000
Tue Mar 28 23:04:00 2017
 Gifting Oliver->Phoebe Essential ypfe 102.000000
Tue Mar 28 23:04:00 2017
 Gifting Alastair->Scarlett Essential pbxr 100.000000
Tue Mar 28 23:04:00 2017
 Gifting Alastair->Scarlett Essential zneo 101.000000
Tue Mar 28 23:04:00 2017
 Gifting Jacob->Delilah Essential pbxr 100.000000
Tue Mar 28 23:04:00 2017
 Gifting Jacob->Delilah Utility voql 505.000000
Tue Mar 28 23:04:00 2017
 Gifting Jacob->Delilah Essential zneo 101.000000
Tue Mar 28 23:04:00 2017
 Gifting Jacob->Delilah Essential rbmk 101.000000
Tue Mar 28 23:04:00 2017
 Gifting Jacob->Delilah Essential hngf 101.000000
Tue Mar 28 23:04:00 2017
 Gifting Jacob->Delilah Essential ypfe 102.000000
Tue Mar 28 23:04:00 2017
 Gifting Jacob->Delilah Luxury wohp 1990.000000
Tue Mar 28 23:04:00 2017
 Gifting Balthazar->Charlotte Essential pbxr 100.000000
Tue Mar 28 23:04:00 2017
 Gifting Balthazar->Charlotte Utility voql 505.000000
Tue Mar 28 23:04:00 2017
 Gifting Balthazar->Charlotte Essential zneo 101.000000
Tue Mar 28 23:04:00 2017
 Gifting Balthazar->Charlotte Utility ifqp 507.000000
Tue Mar 28 23:04:00 2017
 Gifting Balthazar->Charlotte Essential rbmk 101.000000
Tue Mar 28 23:04:00 2017
 Gifting Balthazar->Charlotte Essential hngf 101.000000
Tue Mar 28 23:04:00 2017
 Gifting Balthazar->Charlotte Essential ypfe 102.000000
Tue Mar 28 23:04:00 2017
 Gifting Balthazar->Charlotte Luxury kjxw 1462.000000
Tue Mar 28 23:04:00 2017
 Gifting Callum->Sharon Essential pbxr 100.000000
Tue Mar 28 23:04:00 2017
 Gifting Callum->Sharon Utility voql 505.000000
Tue Mar 28 23:04:00 2017
 Gifting Callum->Sharon Essential zneo 101.000000
Tue Mar 28 23:04:00 2017
 Gifting Callum->Sharon Utility ifqp 507.000000
Tue Mar 28 23:04:00 2017
 Gifting Callum->Sharon Essential rbmk 101.000000
Tue Mar 28 23:04:00 2017
 Gifting Callum->Sharon Utility xomt 508.000000
Tue Mar 28 23:04:00 2017
 Gifting Callum->Sharon Essential hngf 101.000000
Tue Mar 28 23:04:00 2017
 Gifting Callum->Sharon Luxury wohp 1990.000000
Tue Mar 28 23:04:00 2017
 Gifting John->Emily Essential pbxr 100.000000
Tue Mar 28 23:04:00 2017
 Gifting John->Emily Utility voql 505.000000
Tue Mar 28 23:04:00 2017
 Gifting John->Emily Essential zneo 101.000000
Tue Mar 28 23:04:00 2017
 Gifting John->Emily Utility ifqp 507.000000
Tue Mar 28 23:04:00 2017
 Gifting John->Emily Essential rbmk 101.000000
Tue Mar 28 23:04:00 2017
 Gifting John->Emily Utility xomt 508.000000
Tue Mar 28 23:04:00 2017
 Gifting John->Emily Essential hngf 101.000000
Tue Mar 28 23:04:00 2017
 Gifting John->Emily Utility hlzl 511.000000
Tue Mar 28 23:04:00 2017
 Gifting John->Emily Essential ypfe 102.000000
Tue Mar 28 23:04:00 2017
 Gifting John->Emily Essential ihjo 104.000000
Tue Mar 28 23:04:00 2017
 Gifting John->Emily Essential csfc 106.000000
Tue Mar 28 23:04:00 2017
 Gifting John->Emily Essential wsqw 106.000000
Tue Mar 28 23:04:00 2017
 Gifting John->Emily Essential wrre 108.000000
Tue Mar 28 23:04:00 2017
 Gifting John->Emily Luxury wptn 1025.000000
Tue Mar 28 23:04:00 2017
 Gifting Jasper->Chloe Essential pbxr 100.000000
Tue Mar 28 23:04:00 2017
 Gifting Jasper->Chloe Utility voql 505.000000
Tue Mar 28 23:04:00 2017
 Gifting Jasper->Chloe Essential zneo 101.000000
Tue Mar 28 23:04:00 2017
 Gifting Jasper->Chloe Utility ifqp 507.000000
Tue Mar 28 23:04:00 2017
 Gifting Jasper->Chloe Essential rbmk 101.000000
Tue Mar 28 23:04:00 2017
 Gifting Jasper->Chloe Utility xomt 508.000000
Tue Mar 28 23:04:00 2017
 Gifting Jasper->Chloe Essential hngf 101.000000
Tue Mar 28 23:04:00 2017
 Gifting Jasper->Chloe Luxury ykmb 1075.000000
Tue Mar 28 23:04:00 2017
 Gifting Jack->Mia Essential pbxr 100.000000
Tue Mar 28 23:04:00 2017
 Gifting Jack->Mia Utility voql 505.000000
Tue Mar 28 23:04:00 2017
 Gifting Jack->Mia Essential zneo 101.000000
Tue Mar 28 23:04:00 2017
 Gifting Jack->Mia Utility ifqp 507.000000
Tue Mar 28 23:04:00 2017
 Gifting Jack->Mia Essential rbmk 101.000000
Tue Mar 28 23:04:00 2017
 Gifting Jack->Mia Essential hngf 101.000000
Tue Mar 28 23:04:00 2017
 Gifting Jack->Mia Essential ypfe 102.000000
Tue Mar 28 23:04:00 2017
 Gifting Jack->Mia Luxury kjxw 1462.000000
