Sun Feb 26 00:04:42 2017
 Commitment Maisie<->Alfie
Sun Feb 26 00:04:42 2017
 Commitment Olivia<->Lewis
Sun Feb 26 00:04:42 2017
 Commitment Jessica<->Alphonse
Sun Feb 26 00:04:42 2017
 Commitment Eve<->Ivor
Sun Feb 26 00:04:42 2017
 Commitment Abigail<->Harvey
Sun Feb 26 00:04:42 2017
 Commitment Molly<->Alfred
Sun Feb 26 00:04:42 2017
 Commitment Phoebe<->Oliver
Sun Feb 26 00:04:42 2017
 Commitment Scarlett<->Alastair
Sun Feb 26 00:04:42 2017
 Commitment Delilah<->Jacob
Sun Feb 26 00:04:42 2017
 Commitment Charlotte<->Balthazar
Sun Feb 26 00:04:42 2017
 Commitment Sharon<->Callum
Sun Feb 26 00:04:42 2017
 Commitment Emily<->John
Sun Feb 26 00:04:42 2017
 Commitment Chloe<->Jasper
Sun Feb 26 00:04:42 2017
 Commitment Mia<->Jack
